<?xml version="1.0" encoding="UTF-8"?>
<testng-results skipped="0" failed="0" ignored="0" total="1" passed="1">
  <reporter-output>
  </reporter-output>
  <suite name="com.prokarma.sample_Test.SampleTestNgTest" duration-ms="65" started-at="2018-08-29T06:16:24Z" finished-at="2018-08-29T06:16:24Z">
    <groups>
    </groups>
    <test name="Command line test" duration-ms="65" started-at="2018-08-29T06:16:24Z" finished-at="2018-08-29T06:16:24Z">
      <class name="com.prokarma.sample_Test.SampleTestNgTest">
        <test-method status="PASS" signature="test()[pri:0, instance:com.prokarma.sample_Test.SampleTestNgTest@375b5b7f]" name="test" duration-ms="20" started-at="2018-08-29T06:16:24Z" finished-at="2018-08-29T06:16:24Z">
          <reporter-output>
          </reporter-output>
        </test-method> <!-- test -->
      </class> <!-- com.prokarma.sample_Test.SampleTestNgTest -->
    </test> <!-- Command line test -->
  </suite> <!-- com.prokarma.sample_Test.SampleTestNgTest -->
</testng-results>
