<?xml version="1.0" encoding="UTF-8"?>
<testng-results skipped="0" failed="0" ignored="0" total="1" passed="1">
  <reporter-output>
  </reporter-output>
  <suite name="Default suite" duration-ms="79" started-at="2018-08-29T06:13:25Z" finished-at="2018-08-29T06:13:25Z">
    <groups>
    </groups>
    <test name="Default test" duration-ms="79" started-at="2018-08-29T06:13:25Z" finished-at="2018-08-29T06:13:25Z">
      <class name="com.prokarma.sample_Test.SampleTestNgTest">
        <test-method status="PASS" signature="test()[pri:0, instance:com.prokarma.sample_Test.SampleTestNgTest@181e72d3]" name="test" duration-ms="25" started-at="2018-08-29T06:13:25Z" finished-at="2018-08-29T06:13:25Z">
          <reporter-output>
          </reporter-output>
        </test-method> <!-- test -->
      </class> <!-- com.prokarma.sample_Test.SampleTestNgTest -->
    </test> <!-- Default test -->
  </suite> <!-- Default suite -->
</testng-results>
